<?xml version="1.0" encoding="UTF-8"?>
<testng-results ignored="0" total="1" passed="1" failed="0" skipped="0">
  <reporter-output>
  </reporter-output>
  <suite started-at="2024-10-30T04:22:04 GMT-04:00" name="Default suite" finished-at="2024-10-30T04:22:41 GMT-04:00" duration-ms="36496">
    <groups>
    </groups>
    <test started-at="2024-10-30T04:22:04 GMT-04:00" name="Default test" finished-at="2024-10-30T04:22:41 GMT-04:00" duration-ms="36496">
      <class name="holafly.AppiumAutomation.AccountSettings">
        <test-method is-config="true" signature="startAppium()[pri:0, instance:holafly.AppiumAutomation.AccountSettings@1c1bbc4e]" started-at="2024-10-30T04:22:04 GMT-04:00" name="startAppium" finished-at="2024-10-30T04:22:22 GMT-04:00" duration-ms="17273" status="PASS">
          <reporter-output>
          </reporter-output>
        </test-method> <!-- startAppium -->
        <test-method signature="changeAccountLanguageToEnglish()[pri:0, instance:holafly.AppiumAutomation.AccountSettings@1c1bbc4e]" started-at="2024-10-30T04:22:22 GMT-04:00" name="changeAccountLanguageToEnglish" finished-at="2024-10-30T04:22:40 GMT-04:00" duration-ms="18050" status="PASS">
          <reporter-output>
          </reporter-output>
        </test-method> <!-- changeAccountLanguageToEnglish -->
        <test-method is-config="true" signature="stopAppiumServer()[pri:0, instance:holafly.AppiumAutomation.AccountSettings@1c1bbc4e]" started-at="2024-10-30T04:22:40 GMT-04:00" name="stopAppiumServer" finished-at="2024-10-30T04:22:41 GMT-04:00" duration-ms="1114" status="PASS">
          <reporter-output>
          </reporter-output>
        </test-method> <!-- stopAppiumServer -->
      </class> <!-- holafly.AppiumAutomation.AccountSettings -->
    </test> <!-- Default test -->
  </suite> <!-- Default suite -->
</testng-results>
